CRITICAL - 2020-12-16 08:17:42 --> Undefined variable: employeesData
#0 /opt/lampp/htdocs/modiCi4-frontend/app/Views/home.php(63): CodeIgniter\Debug\Exceptions->errorHandler()
#1 /opt/lampp/htdocs/modiCi4-frontend/vendor/codeigniter4/framework/system/View/View.php(246): include('/opt/lampp/htdo...')
#2 /opt/lampp/htdocs/modiCi4-frontend/vendor/codeigniter4/framework/system/Common.php(1119): CodeIgniter\View\View->render()
#3 /opt/lampp/htdocs/modiCi4-frontend/app/Controllers/Employees.php(21): view()
#4 /opt/lampp/htdocs/modiCi4-frontend/vendor/codeigniter4/framework/system/CodeIgniter.php(918): App\Controllers\Employees->index()
#5 /opt/lampp/htdocs/modiCi4-frontend/vendor/codeigniter4/framework/system/CodeIgniter.php(404): CodeIgniter\CodeIgniter->runController()
#6 /opt/lampp/htdocs/modiCi4-frontend/vendor/codeigniter4/framework/system/CodeIgniter.php(312): CodeIgniter\CodeIgniter->handleRequest()
#7 /opt/lampp/htdocs/modiCi4-frontend/public/index.php(45): CodeIgniter\CodeIgniter->run()
#8 /opt/lampp/htdocs/modiCi4-frontend/vendor/codeigniter4/framework/system/Commands/Server/rewrite.php(34): require_once('/opt/lampp/htdo...')
#9 {main}
CRITICAL - 2020-12-16 09:11:19 --> Trying to get property 'emp_no' of non-object
#0 /opt/lampp/htdocs/modiCi4-frontend/app/Views/edit.php(55): CodeIgniter\Debug\Exceptions->errorHandler()
#1 /opt/lampp/htdocs/modiCi4-frontend/vendor/codeigniter4/framework/system/View/View.php(246): include('/opt/lampp/htdo...')
#2 /opt/lampp/htdocs/modiCi4-frontend/vendor/codeigniter4/framework/system/Common.php(1119): CodeIgniter\View\View->render()
#3 /opt/lampp/htdocs/modiCi4-frontend/app/Controllers/Employees.php(34): view()
#4 /opt/lampp/htdocs/modiCi4-frontend/vendor/codeigniter4/framework/system/CodeIgniter.php(918): App\Controllers\Employees->edit()
#5 /opt/lampp/htdocs/modiCi4-frontend/vendor/codeigniter4/framework/system/CodeIgniter.php(404): CodeIgniter\CodeIgniter->runController()
#6 /opt/lampp/htdocs/modiCi4-frontend/vendor/codeigniter4/framework/system/CodeIgniter.php(312): CodeIgniter\CodeIgniter->handleRequest()
#7 /opt/lampp/htdocs/modiCi4-frontend/public/index.php(45): CodeIgniter\CodeIgniter->run()
#8 /opt/lampp/htdocs/modiCi4-frontend/vendor/codeigniter4/framework/system/Commands/Server/rewrite.php(34): require_once('/opt/lampp/htdo...')
#9 {main}
CRITICAL - 2020-12-16 09:23:24 --> Too few arguments to function App\Controllers\Employees::edit(), 0 passed in /opt/lampp/htdocs/modiCi4-frontend/vendor/codeigniter4/framework/system/CodeIgniter.php on line 918 and exactly 1 expected
#0 /opt/lampp/htdocs/modiCi4-frontend/vendor/codeigniter4/framework/system/CodeIgniter.php(918): App\Controllers\Employees->edit()
#1 /opt/lampp/htdocs/modiCi4-frontend/vendor/codeigniter4/framework/system/CodeIgniter.php(404): CodeIgniter\CodeIgniter->runController()
#2 /opt/lampp/htdocs/modiCi4-frontend/vendor/codeigniter4/framework/system/CodeIgniter.php(312): CodeIgniter\CodeIgniter->handleRequest()
#3 /opt/lampp/htdocs/modiCi4-frontend/public/index.php(45): CodeIgniter\CodeIgniter->run()
#4 /opt/lampp/htdocs/modiCi4-frontend/vendor/codeigniter4/framework/system/Commands/Server/rewrite.php(34): require_once('/opt/lampp/htdo...')
#5 {main}
